<?xml version="1.0" encoding="UTF-8"?>
<!-- Generated by org.testng.reporters.JUnitXMLReporter -->
<testsuite ignored="2" hostname="Hi-PC" failures="0" tests="1" name="Test" time="69.626" errors="0" timestamp="2021-11-16T17:17:27 IST">
  <testcase classname="vtiger.testcases.OrganisationModule" name="contactorgTest" time="41.924"/>
  <testcase classname="vtiger.testcases.OrganisationModule" name="orgindustrytest" time="0.0">
    <ignored/>
  </testcase> <!-- orgindustrytest -->
  <testcase classname="vtiger.testcases.OrganisationModule" name="createorgtest" time="0.0">
    <ignored/>
  </testcase> <!-- createorgtest -->
</testsuite> <!-- Test -->
