<?xml version="1.0" encoding="UTF-8"?>
<testng-results ignored="0" total="1" passed="1" failed="0" skipped="0">
  <reporter-output>
  </reporter-output>
  <suite started-at="2021-11-16T10:10:21 IST" name="Default suite" finished-at="2021-11-16T10:12:07 IST" duration-ms="106370">
    <groups>
    </groups>
    <test started-at="2021-11-16T10:10:21 IST" name="Default test" finished-at="2021-11-16T10:12:07 IST" duration-ms="106370">
      <class name="OppurtunityModule.CreateOpportunitywithCampaignSource">
        <test-method is-config="true" signature="launchBrowser()[pri:0, instance:OppurtunityModule.CreateOpportunitywithCampaignSource@1af2d44a]" started-at="2021-11-16T10:10:21 IST" name="launchBrowser" finished-at="2021-11-16T10:10:29 IST" duration-ms="7554" status="PASS">
          <reporter-output>
          </reporter-output>
        </test-method> <!-- launchBrowser -->
        <test-method is-config="true" signature="Login()[pri:0, instance:OppurtunityModule.CreateOpportunitywithCampaignSource@1af2d44a]" started-at="2021-11-16T10:10:29 IST" name="Login" finished-at="2021-11-16T10:11:09 IST" duration-ms="40272" status="PASS">
          <reporter-output>
          </reporter-output>
        </test-method> <!-- Login -->
        <test-method signature="campainsource()[pri:0, instance:OppurtunityModule.CreateOpportunitywithCampaignSource@1af2d44a]" started-at="2021-11-16T10:11:09 IST" name="campainsource" finished-at="2021-11-16T10:12:00 IST" duration-ms="51041" status="PASS">
          <reporter-output>
          </reporter-output>
        </test-method> <!-- campainsource -->
        <test-method is-config="true" signature="Logout()[pri:0, instance:OppurtunityModule.CreateOpportunitywithCampaignSource@1af2d44a]" started-at="2021-11-16T10:12:00 IST" name="Logout" finished-at="2021-11-16T10:12:07 IST" duration-ms="6571" status="PASS">
          <reporter-output>
          </reporter-output>
        </test-method> <!-- Logout -->
        <test-method is-config="true" signature="closeBrowser()[pri:0, instance:OppurtunityModule.CreateOpportunitywithCampaignSource@1af2d44a]" started-at="2021-11-16T10:12:07 IST" name="closeBrowser" finished-at="2021-11-16T10:12:07 IST" duration-ms="791" status="PASS">
          <reporter-output>
          </reporter-output>
        </test-method> <!-- closeBrowser -->
      </class> <!-- OppurtunityModule.CreateOpportunitywithCampaignSource -->
    </test> <!-- Default test -->
  </suite> <!-- Default suite -->
</testng-results>
